Using pre-set license
Built from '2020.3/staging' branch; Version is '2020.3.32f1 (12f8b0834f07) revision 1243312'; Using compiler version '192528614'; Build Type 'Release'
OS: 'Windows 10  (10.0.19044) 64bit Core' Language: 'en' Physical Memory: 16229 MB
BatchMode: 1, IsHumanControllingUs: 0, StartBugReporterOnCrash: 0, Is64bit: 1, IsPro: 0

COMMAND LINE ARGUMENTS:
D:\Unity\2020.3.32f1\Editor\Unity.exe
-adb2
-batchMode
-noUpm
-name
AssetImportWorker0
-projectPath
F:/Projects/GameDev/Unity/Angry-Birds-Replica/AngryBirdsReplica
-logFile
Logs/AssetImportWorker0.log
-srvPort
64173
Successfully changed project path to: F:/Projects/GameDev/Unity/Angry-Birds-Replica/AngryBirdsReplica
F:/Projects/GameDev/Unity/Angry-Birds-Replica/AngryBirdsReplica
Using Asset Import Pipeline V2.
Refreshing native plugins compatible for Editor in 161.66 ms, found 2 plugins.
Preloading 0 native plugins for Editor in 0.00 ms.
Initialize engine version: 2020.3.32f1 (12f8b0834f07)
[Subsystems] Discovering subsystems at path D:/Unity/2020.3.32f1/Editor/Data/Resources/UnitySubsystems
[Subsystems] Discovering subsystems at path F:/Projects/GameDev/Unity/Angry-Birds-Replica/AngryBirdsReplica/Assets
GfxDevice: creating device client; threaded=0
Direct3D:
    Version:  Direct3D 11.0 [level 11.1]
    Renderer: NVIDIA GeForce GTX 1650 with Max-Q Design (ID=0x1f91)
    Vendor:   
    VRAM:     3962 MB
    Driver:   30.0.14.7141
Initialize mono
Mono path[0] = 'D:/Unity/2020.3.32f1/Editor/Data/Managed'
Mono path[1] = 'D:/Unity/2020.3.32f1/Editor/Data/MonoBleedingEdge/lib/mono/unityjit'
Mono config path = 'D:/Unity/2020.3.32f1/Editor/Data/MonoBleedingEdge/etc'
Using monoOptions --debugger-agent=transport=dt_socket,embedding=1,server=y,suspend=n,address=127.0.0.1:56724
Begin MonoManager ReloadAssembly
Registering precompiled unity dll's ...
Register platform support module: D:/Unity/2020.3.32f1/Editor/Data/PlaybackEngines/WebGLSupport/UnityEditor.WebGL.Extensions.dll
Register platform support module: D:/Unity/2020.3.32f1/Editor/Data/PlaybackEngines/WindowsStandaloneSupport/UnityEditor.WindowsStandalone.Extensions.dll
Registered in 0.003658 seconds.
Native extension for WindowsStandalone target not found
Native extension for WebGL target not found
Refreshing native plugins compatible for Editor in 198.93 ms, found 2 plugins.
Preloading 0 native plugins for Editor in 0.00 ms.
Mono: successfully reloaded assembly
- Completed reload, in  3.112 seconds
Domain Reload Profiling:
	ReloadAssembly (3113ms)
		BeginReloadAssembly (338ms)
			ExecutionOrderSort (0ms)
			DisableScriptedObjects (0ms)
			BackupInstance (0ms)
			ReleaseScriptingObjects (0ms)
			CreateAndSetChildDomain (3ms)
		EndReloadAssembly (2401ms)
			LoadAssemblies (337ms)
			RebuildTransferFunctionScriptingTraits (0ms)
			SetupTypeCache (743ms)
			ReleaseScriptCaches (0ms)
			RebuildScriptCaches (269ms)
			SetupLoadedEditorAssemblies (842ms)
				LogAssemblyErrors (0ms)
				InitializePlatformSupportModulesInManaged (26ms)
				SetLoadedEditorAssemblies (1ms)
				RefreshPlugins (199ms)
				BeforeProcessingInitializeOnLoad (116ms)
				ProcessInitializeOnLoadAttributes (395ms)
				ProcessInitializeOnLoadMethodAttributes (104ms)
				AfterProcessingInitializeOnLoad (0ms)
				EditorAssembliesLoaded (1ms)
			ExecutionOrderSort2 (0ms)
			AwakeInstancesAfterBackupRestoration (0ms)
Platform modules already initialized, skipping
Registering precompiled user dll's ...
Registered in 0.009379 seconds.
Begin MonoManager ReloadAssembly
Native extension for WindowsStandalone target not found
Native extension for WebGL target not found
Refreshing native plugins compatible for Editor in 1.03 ms, found 2 plugins.
Preloading 0 native plugins for Editor in 0.00 ms.
Mono: successfully reloaded assembly
- Completed reload, in  4.351 seconds
Domain Reload Profiling:
	ReloadAssembly (4353ms)
		BeginReloadAssembly (481ms)
			ExecutionOrderSort (0ms)
			DisableScriptedObjects (16ms)
			BackupInstance (0ms)
			ReleaseScriptingObjects (0ms)
			CreateAndSetChildDomain (59ms)
		EndReloadAssembly (3656ms)
			LoadAssemblies (330ms)
			RebuildTransferFunctionScriptingTraits (0ms)
			SetupTypeCache (1042ms)
			ReleaseScriptCaches (1ms)
			RebuildScriptCaches (147ms)
			SetupLoadedEditorAssemblies (1563ms)
				LogAssemblyErrors (0ms)
				InitializePlatformSupportModulesInManaged (27ms)
				SetLoadedEditorAssemblies (3ms)
				RefreshPlugins (1ms)
				BeforeProcessingInitializeOnLoad (471ms)
				ProcessInitializeOnLoadAttributes (1022ms)
				ProcessInitializeOnLoadMethodAttributes (24ms)
				AfterProcessingInitializeOnLoad (12ms)
				EditorAssembliesLoaded (1ms)
			ExecutionOrderSort2 (0ms)
			AwakeInstancesAfterBackupRestoration (23ms)
Platform modules already initialized, skipping
========================================================================
Worker process is ready to serve import requests
Launched and connected shader compiler UnityShaderCompiler.exe after 0.26 seconds
Refreshing native plugins compatible for Editor in 2.05 ms, found 2 plugins.
Preloading 0 native plugins for Editor in 0.00 ms.
Unloading 1508 Unused Serialized files (Serialized files now loaded: 0)
System memory in use before: 68.6 MB.
System memory in use after: 68.7 MB.

Unloading 16 unused Assets to reduce memory usage. Loaded Objects now: 1942.
Total: 15.828700 ms (FindLiveObjects: 0.492200 ms CreateObjectMapping: 0.248400 ms MarkObjects: 14.911000 ms  DeleteObjects: 0.169800 ms)

AssetImportParameters requested are different than current active one (requested -> active):
  custom:framework-win-MediaFoundation: 216162199b28c13a410421893ffa2e32 -> 
  custom:video-decoder-ogg-theora: a1e56fd34408186e4bbccfd4996cb3dc -> 
  custom:container-muxer-webm: aa71ff27fc2769a1b78a27578f13a17b -> 
  custom:container-demuxer-webm: 4f35f7cbe854078d1ac9338744f61a02 -> 
  custom:container-demuxer-ogg: 62fdf1f143b41e24485cea50d1cbac27 -> 
  custom:video-encoder-webm-vp8: eb34c28f22e8b96e1ab97ce403110664 -> 
  custom:video-decoder-webm-vp8: 9c59270c3fd7afecdb556c50c9e8de78 -> 
  custom:audio-decoder-ogg-vorbis: bf7c407c2cedff20999df2af8eb42d56 -> 
  custom:audio-encoder-webm-vorbis: bf7c407c2cedff20999df2af8eb42d56 -> 
========================================================================
Received Import Request.
  path: Assets/Ball.physicsMaterial2D
  artifactKey: Guid(04bacb70b64022e48ac4f4d94cbd3813) Importer(815301076,1909f56bfc062723c751e8b465ee728b)
Start importing Assets/Ball.physicsMaterial2D using Guid(04bacb70b64022e48ac4f4d94cbd3813) Importer(815301076,1909f56bfc062723c751e8b465ee728b)  -> (artifact id: '79b50ef0f5cdd9e759f6e94eb53f4cf0') in 0.243703 seconds 
========================================================================
Received Import Request.
  Time since last request: 300.500058 seconds.
  path: Assets/Prefabs/Ball.prefab
  artifactKey: Guid(1609ca477ae3ed646a7ea03d938b95be) Importer(815301076,1909f56bfc062723c751e8b465ee728b)
Start importing Assets/Prefabs/Ball.prefab using Guid(1609ca477ae3ed646a7ea03d938b95be) Importer(815301076,1909f56bfc062723c751e8b465ee728b)  -> (artifact id: 'b1a2e6351377d298bcf73ec84171789b') in 0.240760 seconds 
========================================================================
Received Import Request.
  Time since last request: 0.000414 seconds.
  path: Assets/Prefabs/Wood_Normal.prefab
  artifactKey: Guid(e2eb25ed833f48241ae12a52aef74e1c) Importer(815301076,1909f56bfc062723c751e8b465ee728b)
Start importing Assets/Prefabs/Wood_Normal.prefab using Guid(e2eb25ed833f48241ae12a52aef74e1c) Importer(815301076,1909f56bfc062723c751e8b465ee728b)  -> (artifact id: 'b891afb23708d323d5fe4470b1208ecc') in 0.098217 seconds 
========================================================================
Received Import Request.
  Time since last request: 0.000429 seconds.
  path: Assets/Prefabs/Wood_Tall.prefab
  artifactKey: Guid(f54e16ac5415ef64384d3386cbdeb0cb) Importer(815301076,1909f56bfc062723c751e8b465ee728b)
Start importing Assets/Prefabs/Wood_Tall.prefab using Guid(f54e16ac5415ef64384d3386cbdeb0cb) Importer(815301076,1909f56bfc062723c751e8b465ee728b)  -> (artifact id: '3e2bfa6101e978ca9c81afb5700a4650') in 0.038227 seconds 
========================================================================
Received Import Request.
  Time since last request: 0.000366 seconds.
  path: Assets/Prefabs/EnemyDeathEffect.prefab
  artifactKey: Guid(88d529fda61526c4488cab7075b2b361) Importer(815301076,1909f56bfc062723c751e8b465ee728b)
Start importing Assets/Prefabs/EnemyDeathEffect.prefab using Guid(88d529fda61526c4488cab7075b2b361) Importer(815301076,1909f56bfc062723c751e8b465ee728b)  -> (artifact id: 'abfc7b1bb7b788946ca996a4e188dd0d') in 0.096737 seconds 
========================================================================
Received Import Request.
  Time since last request: 0.000453 seconds.
  path: Assets/Prefabs/Enemy.prefab
  artifactKey: Guid(101613d1f93a8be469359d6ab2aa2a79) Importer(815301076,1909f56bfc062723c751e8b465ee728b)
Start importing Assets/Prefabs/Enemy.prefab using Guid(101613d1f93a8be469359d6ab2aa2a79) Importer(815301076,1909f56bfc062723c751e8b465ee728b)  -> (artifact id: '60982012021b480fc5f27f148e1c42b5') in 0.068349 seconds 
========================================================================
Received Import Request.
  Time since last request: 0.834749 seconds.
  path: Assets/Sprites/Background.psd
  artifactKey: Guid(6a77de29713facc4695cd55f4945d8f7) Importer(815301076,1909f56bfc062723c751e8b465ee728b)
Start importing Assets/Sprites/Background.psd using Guid(6a77de29713facc4695cd55f4945d8f7) Importer(815301076,1909f56bfc062723c751e8b465ee728b)  -> (artifact id: '07ca0194f10ff58243aaa19076b6f761') in 0.088911 seconds 
========================================================================
Received Import Request.
  Time since last request: 0.000331 seconds.
  path: Assets/Sprites/Wood_Tall.psd
  artifactKey: Guid(a7d28aa46850e17408f49c0b1c1b2bba) Importer(815301076,1909f56bfc062723c751e8b465ee728b)
Start importing Assets/Sprites/Wood_Tall.psd using Guid(a7d28aa46850e17408f49c0b1c1b2bba) Importer(815301076,1909f56bfc062723c751e8b465ee728b)  -> (artifact id: 'fea386cbba00c2a8f2198cf13af660b3') in 0.065573 seconds 
========================================================================
Received Import Request.
  Time since last request: 0.000337 seconds.
  path: Assets/Sprites/Wood_Normal.psd
  artifactKey: Guid(d2ec8cb2b8906584094033b2c6ba4d29) Importer(815301076,1909f56bfc062723c751e8b465ee728b)
Start importing Assets/Sprites/Wood_Normal.psd using Guid(d2ec8cb2b8906584094033b2c6ba4d29) Importer(815301076,1909f56bfc062723c751e8b465ee728b)  -> (artifact id: 'aaa2ab77b3dc7ea9bf98fa2675a8928a') in 0.036702 seconds 
========================================================================
Received Import Request.
  Time since last request: 0.000440 seconds.
  path: Assets/Sprites/Wood_Block.psd
  artifactKey: Guid(12a28fbee58eeaf458a83ccdc35f7f8a) Importer(815301076,1909f56bfc062723c751e8b465ee728b)
Start importing Assets/Sprites/Wood_Block.psd using Guid(12a28fbee58eeaf458a83ccdc35f7f8a) Importer(815301076,1909f56bfc062723c751e8b465ee728b)  -> (artifact id: 'ea035fbf2746dfeaf41ea1df44af4188') in 0.032899 seconds 
========================================================================
Received Import Request.
  Time since last request: 0.000420 seconds.
  path: Assets/Sprites/Enemy.psd
  artifactKey: Guid(5f86fed4f04abc14cab923f48213eecd) Importer(815301076,1909f56bfc062723c751e8b465ee728b)
Start importing Assets/Sprites/Enemy.psd using Guid(5f86fed4f04abc14cab923f48213eecd) Importer(815301076,1909f56bfc062723c751e8b465ee728b)  -> (artifact id: '3d5f6ffbc7a800cd8a51b2ab6afea03b') in 0.032936 seconds 
========================================================================
Received Import Request.
  Time since last request: 0.000448 seconds.
  path: Assets/Sprites/Ground.psd
  artifactKey: Guid(907aae4c7de233842848573286709422) Importer(815301076,1909f56bfc062723c751e8b465ee728b)
Start importing Assets/Sprites/Ground.psd using Guid(907aae4c7de233842848573286709422) Importer(815301076,1909f56bfc062723c751e8b465ee728b)  -> (artifact id: '6e1985f3029c1855815b04ca69e20065') in 0.117227 seconds 
========================================================================
Received Import Request.
  Time since last request: 0.000622 seconds.
  path: Assets/Sprites/Ball.psd
  artifactKey: Guid(6873870c14b909742bf2e23e4c11bc09) Importer(815301076,1909f56bfc062723c751e8b465ee728b)
Start importing Assets/Sprites/Ball.psd using Guid(6873870c14b909742bf2e23e4c11bc09) Importer(815301076,1909f56bfc062723c751e8b465ee728b)  -> (artifact id: 'f948f31028583cc916186ae82f4c47c1') in 0.031377 seconds 
========================================================================
Received Import Request.
  Time since last request: 3.337509 seconds.
  path: Assets/MainLevel.unity
  artifactKey: Guid(4ee9988c5dfc89948b0f4f9d041c7a0d) Importer(815301076,1909f56bfc062723c751e8b465ee728b)
Start importing Assets/MainLevel.unity using Guid(4ee9988c5dfc89948b0f4f9d041c7a0d) Importer(815301076,1909f56bfc062723c751e8b465ee728b)  -> (artifact id: 'b8050df162e2b8c42303db490aa57cde') in 0.010992 seconds 
========================================================================
Received Prepare
Registering precompiled user dll's ...
Registered in 0.006277 seconds.
Begin MonoManager ReloadAssembly
Native extension for WindowsStandalone target not found
Native extension for WebGL target not found
Refreshing native plugins compatible for Editor in 0.49 ms, found 2 plugins.
Preloading 0 native plugins for Editor in 0.00 ms.
Mono: successfully reloaded assembly
- Completed reload, in  2.146 seconds
Domain Reload Profiling:
	ReloadAssembly (2147ms)
		BeginReloadAssembly (213ms)
			ExecutionOrderSort (0ms)
			DisableScriptedObjects (9ms)
			BackupInstance (0ms)
			ReleaseScriptingObjects (0ms)
			CreateAndSetChildDomain (61ms)
		EndReloadAssembly (1812ms)
			LoadAssemblies (192ms)
			RebuildTransferFunctionScriptingTraits (0ms)
			SetupTypeCache (672ms)
			ReleaseScriptCaches (1ms)
			RebuildScriptCaches (77ms)
			SetupLoadedEditorAssemblies (681ms)
				LogAssemblyErrors (0ms)
				InitializePlatformSupportModulesInManaged (11ms)
				SetLoadedEditorAssemblies (1ms)
				RefreshPlugins (1ms)
				BeforeProcessingInitializeOnLoad (140ms)
				ProcessInitializeOnLoadAttributes (486ms)
				ProcessInitializeOnLoadMethodAttributes (28ms)
				AfterProcessingInitializeOnLoad (14ms)
				EditorAssembliesLoaded (1ms)
			ExecutionOrderSort2 (0ms)
			AwakeInstancesAfterBackupRestoration (26ms)
Platform modules already initialized, skipping
Refreshing native plugins compatible for Editor in 0.54 ms, found 2 plugins.
Preloading 0 native plugins for Editor in 0.00 ms.
Unloading 1502 Unused Serialized files (Serialized files now loaded: 0)
System memory in use before: 71.5 MB.
System memory in use after: 71.6 MB.

Unloading 13 unused Assets to reduce memory usage. Loaded Objects now: 1966.
Total: 4.723700 ms (FindLiveObjects: 0.238500 ms CreateObjectMapping: 0.102600 ms MarkObjects: 4.313300 ms  DeleteObjects: 0.067700 ms)

AssetImportParameters requested are different than current active one (requested -> active):
  custom:framework-win-MediaFoundation: 216162199b28c13a410421893ffa2e32 -> 
  custom:video-decoder-ogg-theora: a1e56fd34408186e4bbccfd4996cb3dc -> 
  custom:container-muxer-webm: aa71ff27fc2769a1b78a27578f13a17b -> 
  custom:container-demuxer-webm: 4f35f7cbe854078d1ac9338744f61a02 -> 
  custom:container-demuxer-ogg: 62fdf1f143b41e24485cea50d1cbac27 -> 
  custom:video-encoder-webm-vp8: eb34c28f22e8b96e1ab97ce403110664 -> 
  custom:video-decoder-webm-vp8: 9c59270c3fd7afecdb556c50c9e8de78 -> 
  custom:audio-decoder-ogg-vorbis: bf7c407c2cedff20999df2af8eb42d56 -> 
  custom:audio-encoder-webm-vorbis: bf7c407c2cedff20999df2af8eb42d56 -> 
